<?xml version="1.0" encoding="UTF-8"?>
<coverage generated="1603678431621" clover="3.2.0">
  <project timestamp="1603678431621" name="All files">
    <metrics statements="256" coveredstatements="72" conditionals="70" coveredconditionals="3" methods="85" coveredmethods="18" elements="411" coveredelements="93" complexity="0" loc="256" ncloc="256" packages="8" files="15" classes="15"/>
    <package name="villvay-assessment">
      <metrics statements="2" coveredstatements="2" conditionals="0" coveredconditionals="0" methods="1" coveredmethods="1"/>
      <file name="App.js" path="D:\02_programming\villvay\villvay-assessment\App.js">
        <metrics statements="2" coveredstatements="2" conditionals="0" coveredconditionals="0" methods="1" coveredmethods="1"/>
        <line num="11" count="1" type="stmt"/>
        <line num="12" count="2" type="stmt"/>
      </file>
    </package>
    <package name="villvay-assessment.src">
      <metrics statements="12" coveredstatements="12" conditionals="0" coveredconditionals="0" methods="5" coveredmethods="5"/>
      <file name="Main.js" path="D:\02_programming\villvay\villvay-assessment\src\Main.js">
        <metrics statements="12" coveredstatements="12" conditionals="0" coveredconditionals="0" methods="5" coveredmethods="5"/>
        <line num="22" count="1" type="stmt"/>
        <line num="23" count="1" type="stmt"/>
        <line num="25" count="1" type="stmt"/>
        <line num="35" count="1" type="stmt"/>
        <line num="36" count="1" type="stmt"/>
        <line num="43" count="2" type="stmt"/>
        <line num="53" count="2" type="stmt"/>
        <line num="64" count="1" type="stmt"/>
        <line num="65" count="2" type="stmt"/>
        <line num="66" count="1" type="stmt"/>
        <line num="67" count="1" type="stmt"/>
        <line num="69" count="1" type="stmt"/>
      </file>
    </package>
    <package name="villvay-assessment.src.components">
      <metrics statements="24" coveredstatements="12" conditionals="2" coveredconditionals="0" methods="9" coveredmethods="3"/>
      <file name="CategorySelector.js" path="D:\02_programming\villvay\villvay-assessment\src\components\CategorySelector.js">
        <metrics statements="7" coveredstatements="5" conditionals="0" coveredconditionals="0" methods="4" coveredmethods="2"/>
        <line num="8" count="1" type="stmt"/>
        <line num="9" count="1" type="stmt"/>
        <line num="20" count="8" type="stmt"/>
        <line num="25" count="0" type="stmt"/>
        <line num="35" count="0" type="stmt"/>
        <line num="46" count="1" type="stmt"/>
        <line num="54" count="1" type="stmt"/>
      </file>
      <file name="ClassifiedListItem.js" path="D:\02_programming\villvay\villvay-assessment\src\components\ClassifiedListItem.js">
        <metrics statements="13" coveredstatements="3" conditionals="2" coveredconditionals="0" methods="4" coveredmethods="0"/>
        <line num="15" count="1" type="stmt"/>
        <line num="18" count="0" type="stmt"/>
        <line num="19" count="0" type="stmt"/>
        <line num="20" count="0" type="stmt"/>
        <line num="22" count="0" type="stmt"/>
        <line num="23" count="0" type="cond" truecount="0" falsecount="2"/>
        <line num="27" count="0" type="stmt"/>
        <line num="28" count="0" type="stmt"/>
        <line num="33" count="0" type="stmt"/>
        <line num="34" count="0" type="stmt"/>
        <line num="37" count="0" type="stmt"/>
        <line num="62" count="1" type="stmt"/>
        <line num="99" count="1" type="stmt"/>
      </file>
      <file name="Container.js" path="D:\02_programming\villvay\villvay-assessment\src\components\Container.js">
        <metrics statements="4" coveredstatements="4" conditionals="0" coveredconditionals="0" methods="1" coveredmethods="1"/>
        <line num="5" count="1" type="stmt"/>
        <line num="6" count="1" type="stmt"/>
        <line num="9" count="1" type="stmt"/>
        <line num="15" count="1" type="stmt"/>
      </file>
    </package>
    <package name="villvay-assessment.src.constant">
      <metrics statements="1" coveredstatements="1" conditionals="0" coveredconditionals="0" methods="0" coveredmethods="0"/>
      <file name="index.js" path="D:\02_programming\villvay\villvay-assessment\src\constant\index.js">
        <metrics statements="1" coveredstatements="1" conditionals="0" coveredconditionals="0" methods="0" coveredmethods="0"/>
        <line num="1" count="1" type="stmt"/>
      </file>
    </package>
    <package name="villvay-assessment.src.redux.actions">
      <metrics statements="50" coveredstatements="10" conditionals="8" coveredconditionals="0" methods="17" coveredmethods="2"/>
      <file name="classifiedActions.js" path="D:\02_programming\villvay\villvay-assessment\src\redux\actions\classifiedActions.js">
        <metrics statements="50" coveredstatements="10" conditionals="8" coveredconditionals="0" methods="17" coveredmethods="2"/>
        <line num="3" count="1" type="stmt"/>
        <line num="4" count="1" type="stmt"/>
        <line num="5" count="1" type="stmt"/>
        <line num="6" count="1" type="stmt"/>
        <line num="8" count="1" type="stmt"/>
        <line num="13" count="0" type="stmt"/>
        <line num="14" count="0" type="stmt"/>
        <line num="15" count="0" type="stmt"/>
        <line num="16" count="0" type="stmt"/>
        <line num="18" count="0" type="stmt"/>
        <line num="19" count="0" type="stmt"/>
        <line num="20" count="0" type="cond" truecount="0" falsecount="2"/>
        <line num="21" count="0" type="stmt"/>
        <line num="23" count="0" type="stmt"/>
        <line num="31" count="0" type="stmt"/>
        <line num="36" count="0" type="stmt"/>
        <line num="42" count="0" type="stmt"/>
        <line num="49" count="0" type="stmt"/>
        <line num="55" count="0" type="stmt"/>
        <line num="62" count="1" type="stmt"/>
        <line num="64" count="0" type="stmt"/>
        <line num="65" count="0" type="stmt"/>
        <line num="66" count="0" type="stmt"/>
        <line num="67" count="0" type="stmt"/>
        <line num="69" count="0" type="stmt"/>
        <line num="70" count="0" type="stmt"/>
        <line num="71" count="0" type="cond" truecount="0" falsecount="2"/>
        <line num="72" count="0" type="stmt"/>
        <line num="75" count="0" type="stmt"/>
        <line num="76" count="0" type="stmt"/>
        <line num="77" count="0" type="stmt"/>
        <line num="79" count="0" type="cond" truecount="0" falsecount="2"/>
        <line num="80" count="0" type="stmt"/>
        <line num="81" count="0" type="stmt"/>
        <line num="83" count="0" type="stmt"/>
        <line num="88" count="0" type="stmt"/>
        <line num="94" count="0" type="stmt"/>
        <line num="101" count="0" type="stmt"/>
        <line num="107" count="0" type="stmt"/>
        <line num="114" count="1" type="stmt"/>
        <line num="115" count="1" type="stmt"/>
        <line num="116" count="1" type="stmt"/>
        <line num="117" count="1" type="stmt"/>
        <line num="119" count="0" type="stmt"/>
        <line num="120" count="0" type="stmt"/>
        <line num="121" count="0" type="cond" truecount="0" falsecount="2"/>
        <line num="122" count="0" type="stmt"/>
        <line num="124" count="0" type="stmt"/>
        <line num="130" count="0" type="stmt"/>
        <line num="136" count="0" type="stmt"/>
      </file>
    </package>
    <package name="villvay-assessment.src.redux.hooks">
      <metrics statements="11" coveredstatements="9" conditionals="0" coveredconditionals="0" methods="5" coveredmethods="3"/>
      <file name="useClassified.js" path="D:\02_programming\villvay\villvay-assessment\src\redux\hooks\useClassified.js">
        <metrics statements="11" coveredstatements="9" conditionals="0" coveredconditionals="0" methods="5" coveredmethods="3"/>
        <line num="9" count="1" type="stmt"/>
        <line num="10" count="3" type="stmt"/>
        <line num="12" count="2" type="stmt"/>
        <line num="13" count="8" type="stmt"/>
        <line num="21" count="2" type="stmt"/>
        <line num="23" count="0" type="stmt"/>
        <line num="35" count="2" type="stmt"/>
        <line num="37" count="1" type="stmt"/>
        <line num="49" count="2" type="stmt"/>
        <line num="51" count="0" type="stmt"/>
        <line num="59" count="2" type="stmt"/>
      </file>
    </package>
    <package name="villvay-assessment.src.redux.reducers">
      <metrics statements="9" coveredstatements="6" conditionals="6" coveredconditionals="3" methods="1" coveredmethods="1"/>
      <file name="classifiedReducer.js" path="D:\02_programming\villvay\villvay-assessment\src\redux\reducers\classifiedReducer.js">
        <metrics statements="8" coveredstatements="5" conditionals="6" coveredconditionals="3" methods="1" coveredmethods="1"/>
        <line num="8" count="1" type="stmt"/>
        <line num="14" count="1" type="cond" truecount="1" falsecount="0"/>
        <line num="15" count="5" type="cond" truecount="2" falsecount="3"/>
        <line num="17" count="0" type="stmt"/>
        <line num="19" count="0" type="stmt"/>
        <line num="21" count="1" type="stmt"/>
        <line num="23" count="0" type="stmt"/>
        <line num="25" count="4" type="stmt"/>
      </file>
      <file name="index.js" path="D:\02_programming\villvay\villvay-assessment\src\redux\reducers\index.js">
        <metrics statements="1" coveredstatements="1" conditionals="0" coveredconditionals="0" methods="0" coveredmethods="0"/>
        <line num="4" count="1" type="stmt"/>
      </file>
    </package>
    <package name="villvay-assessment.src.screens">
      <metrics statements="147" coveredstatements="20" conditionals="54" coveredconditionals="0" methods="47" coveredmethods="3"/>
      <file name="BookmarksTabScreen.js" path="D:\02_programming\villvay\villvay-assessment\src\screens\BookmarksTabScreen.js">
        <metrics statements="9" coveredstatements="2" conditionals="0" coveredconditionals="0" methods="5" coveredmethods="0"/>
        <line num="9" count="1" type="stmt"/>
        <line num="10" count="0" type="stmt"/>
        <line num="12" count="0" type="stmt"/>
        <line num="13" count="0" type="stmt"/>
        <line num="15" count="0" type="stmt"/>
        <line num="16" count="0" type="stmt"/>
        <line num="19" count="0" type="stmt"/>
        <line num="28" count="0" type="stmt"/>
        <line num="36" count="1" type="stmt"/>
      </file>
      <file name="CategoryResultScreen.js" path="D:\02_programming\villvay\villvay-assessment\src\screens\CategoryResultScreen.js">
        <metrics statements="15" coveredstatements="3" conditionals="2" coveredconditionals="0" methods="7" coveredmethods="0"/>
        <line num="12" count="1" type="stmt"/>
        <line num="13" count="0" type="stmt"/>
        <line num="14" count="0" type="stmt"/>
        <line num="15" count="0" type="stmt"/>
        <line num="18" count="0" type="stmt"/>
        <line num="19" count="0" type="stmt"/>
        <line num="21" count="0" type="stmt"/>
        <line num="22" count="0" type="stmt"/>
        <line num="25" count="0" type="stmt"/>
        <line num="29" count="0" type="stmt"/>
        <line num="31" count="0" type="cond" truecount="0" falsecount="2"/>
        <line num="32" count="0" type="stmt"/>
        <line num="43" count="0" type="stmt"/>
        <line num="51" count="1" type="stmt"/>
        <line num="57" count="1" type="stmt"/>
      </file>
      <file name="CreateItemScreen.js" path="D:\02_programming\villvay\villvay-assessment\src\screens\CreateItemScreen.js">
        <metrics statements="90" coveredstatements="2" conditionals="46" coveredconditionals="0" methods="21" coveredmethods="0"/>
        <line num="20" count="1" type="stmt"/>
        <line num="25" count="0" type="stmt"/>
        <line num="26" count="0" type="stmt"/>
        <line num="28" count="0" type="stmt"/>
        <line num="31" count="0" type="stmt"/>
        <line num="33" count="0" type="stmt"/>
        <line num="35" count="0" type="stmt"/>
        <line num="36" count="0" type="cond" truecount="0" falsecount="2"/>
        <line num="37" count="0" type="stmt"/>
        <line num="38" count="0" type="cond" truecount="0" falsecount="2"/>
        <line num="39" count="0" type="stmt"/>
        <line num="40" count="0" type="cond" truecount="0" falsecount="2"/>
        <line num="41" count="0" type="stmt"/>
        <line num="43" count="0" type="stmt"/>
        <line num="48" count="0" type="stmt"/>
        <line num="49" count="0" type="cond" truecount="0" falsecount="2"/>
        <line num="53" count="0" type="stmt"/>
        <line num="55" count="0" type="stmt"/>
        <line num="57" count="0" type="stmt"/>
        <line num="58" count="0" type="cond" truecount="0" falsecount="2"/>
        <line num="59" count="0" type="stmt"/>
        <line num="60" count="0" type="cond" truecount="0" falsecount="2"/>
        <line num="61" count="0" type="stmt"/>
        <line num="62" count="0" type="cond" truecount="0" falsecount="2"/>
        <line num="63" count="0" type="stmt"/>
        <line num="65" count="0" type="stmt"/>
        <line num="70" count="0" type="stmt"/>
        <line num="71" count="0" type="cond" truecount="0" falsecount="2"/>
        <line num="75" count="0" type="stmt"/>
        <line num="77" count="0" type="stmt"/>
        <line num="80" count="0" type="stmt"/>
        <line num="83" count="0" type="stmt"/>
        <line num="85" count="0" type="stmt"/>
        <line num="86" count="0" type="cond" truecount="0" falsecount="2"/>
        <line num="89" count="0" type="stmt"/>
        <line num="93" count="0" type="stmt"/>
        <line num="94" count="0" type="cond" truecount="0" falsecount="2"/>
        <line num="95" count="0" type="stmt"/>
        <line num="97" count="0" type="stmt"/>
        <line num="102" count="0" type="stmt"/>
        <line num="103" count="0" type="cond" truecount="0" falsecount="2"/>
        <line num="106" count="0" type="stmt"/>
        <line num="109" count="0" type="stmt"/>
        <line num="111" count="0" type="stmt"/>
        <line num="114" count="0" type="stmt"/>
        <line num="116" count="0" type="stmt"/>
        <line num="118" count="0" type="stmt"/>
        <line num="119" count="0" type="stmt"/>
        <line num="121" count="0" type="stmt"/>
        <line num="122" count="0" type="stmt"/>
        <line num="125" count="0" type="stmt"/>
        <line num="126" count="0" type="cond" truecount="0" falsecount="2"/>
        <line num="127" count="0" type="stmt"/>
        <line num="128" count="0" type="cond" truecount="0" falsecount="4"/>
        <line num="129" count="0" type="stmt"/>
        <line num="131" count="0" type="stmt"/>
        <line num="136" count="0" type="stmt"/>
        <line num="137" count="0" type="cond" truecount="0" falsecount="2"/>
        <line num="142" count="0" type="stmt"/>
        <line num="143" count="0" type="stmt"/>
        <line num="144" count="0" type="stmt"/>
        <line num="149" count="0" type="stmt"/>
        <line num="150" count="0" type="stmt"/>
        <line num="151" count="0" type="stmt"/>
        <line num="156" count="0" type="stmt"/>
        <line num="157" count="0" type="stmt"/>
        <line num="158" count="0" type="stmt"/>
        <line num="163" count="0" type="stmt"/>
        <line num="165" count="0" type="stmt"/>
        <line num="166" count="0" type="cond" truecount="0" falsecount="2"/>
        <line num="169" count="0" type="stmt"/>
        <line num="177" count="0" type="cond" truecount="0" falsecount="2"/>
        <line num="178" count="0" type="stmt"/>
        <line num="185" count="0" type="stmt"/>
        <line num="186" count="0" type="cond" truecount="0" falsecount="2"/>
        <line num="187" count="0" type="stmt"/>
        <line num="193" count="0" type="stmt"/>
        <line num="195" count="0" type="cond" truecount="0" falsecount="2"/>
        <line num="205" count="0" type="stmt"/>
        <line num="206" count="0" type="stmt"/>
        <line num="207" count="0" type="stmt"/>
        <line num="208" count="0" type="stmt"/>
        <line num="210" count="0" type="stmt"/>
        <line num="211" count="0" type="stmt"/>
        <line num="215" count="0" type="stmt"/>
        <line num="220" count="0" type="stmt"/>
        <line num="226" count="0" type="stmt"/>
        <line num="241" count="0" type="stmt"/>
        <line num="252" count="0" type="stmt"/>
        <line num="293" count="1" type="stmt"/>
      </file>
      <file name="ExploreTabScreen.js" path="D:\02_programming\villvay\villvay-assessment\src\screens\ExploreTabScreen.js">
        <metrics statements="17" coveredstatements="10" conditionals="2" coveredconditionals="0" methods="8" coveredmethods="3"/>
        <line num="12" count="1" type="stmt"/>
        <line num="13" count="1" type="stmt"/>
        <line num="15" count="1" type="stmt"/>
        <line num="16" count="1" type="stmt"/>
        <line num="17" count="0" type="stmt"/>
        <line num="18" count="0" type="cond" truecount="0" falsecount="2"/>
        <line num="19" count="0" type="stmt"/>
        <line num="25" count="1" type="stmt"/>
        <line num="26" count="0" type="stmt"/>
        <line num="29" count="1" type="stmt"/>
        <line num="34" count="1" type="stmt"/>
        <line num="36" count="0" type="stmt"/>
        <line num="42" count="1" type="stmt"/>
        <line num="43" count="0" type="stmt"/>
        <line num="50" count="0" type="stmt"/>
        <line num="62" count="1" type="stmt"/>
        <line num="69" count="1" type="stmt"/>
      </file>
      <file name="ItemDetailScreen.js" path="D:\02_programming\villvay\villvay-assessment\src\screens\ItemDetailScreen.js">
        <metrics statements="16" coveredstatements="3" conditionals="4" coveredconditionals="0" methods="6" coveredmethods="0"/>
        <line num="17" count="1" type="stmt"/>
        <line num="18" count="0" type="stmt"/>
        <line num="19" count="0" type="stmt"/>
        <line num="20" count="0" type="stmt"/>
        <line num="22" count="0" type="stmt"/>
        <line num="23" count="0" type="cond" truecount="0" falsecount="2"/>
        <line num="27" count="0" type="stmt"/>
        <line num="28" count="0" type="stmt"/>
        <line num="29" count="0" type="stmt"/>
        <line num="35" count="0" type="stmt"/>
        <line num="40" count="0" type="stmt"/>
        <line num="42" count="0" type="cond" truecount="0" falsecount="2"/>
        <line num="43" count="0" type="stmt"/>
        <line num="51" count="0" type="stmt"/>
        <line num="87" count="1" type="stmt"/>
        <line num="111" count="1" type="stmt"/>
      </file>
    </package>
  </project>
</coverage>
