{"D:\\02_programming\\villvay\\villvay-assessment\\App.js": {"path":"D:\\02_programming\\villvay\\villvay-assessment\\App.js","statementMap":{"0":{"start":{"line":11,"column":12},"end":{"line":17,"column":1}},"1":{"start":{"line":12,"column":2},"end":{"line":16,"column":3}}},"fnMap":{"0":{"name":"(anonymous_0)","decl":{"start":{"line":11,"column":12},"end":{"line":11,"column":13}},"loc":{"start":{"line":11,"column":18},"end":{"line":17,"column":1}},"line":11}},"branchMap":{},"s":{"0":1,"1":2},"f":{"0":2},"b":{},"_coverageSchema":"1a1c01bbd47fc00a2c39e90264f33305004495a9","hash":"832f5137146fe2b5ff3aebef65d41d9440e6161a"}
,"D:\\02_programming\\villvay\\villvay-assessment\\src\\Main.js": {"path":"D:\\02_programming\\villvay\\villvay-assessment\\src\\Main.js","statementMap":{"0":{"start":{"line":22,"column":14},"end":{"line":22,"column":36}},"1":{"start":{"line":23,"column":12},"end":{"line":23,"column":38}},"2":{"start":{"line":25,"column":14},"end":{"line":33,"column":1}},"3":{"start":{"line":35,"column":22},"end":{"line":62,"column":1}},"4":{"start":{"line":36,"column":2},"end":{"line":61,"column":18}},"5":{"start":{"line":43,"column":10},"end":{"line":43,"column":68}},"6":{"start":{"line":53,"column":10},"end":{"line":57,"column":12}},"7":{"start":{"line":64,"column":13},"end":{"line":84,"column":1}},"8":{"start":{"line":65,"column":41},"end":{"line":65,"column":56}},"9":{"start":{"line":66,"column":2},"end":{"line":68,"column":9}},"10":{"start":{"line":67,"column":4},"end":{"line":67,"column":33}},"11":{"start":{"line":69,"column":2},"end":{"line":83,"column":4}}},"fnMap":{"0":{"name":"(anonymous_0)","decl":{"start":{"line":35,"column":22},"end":{"line":35,"column":23}},"loc":{"start":{"line":36,"column":2},"end":{"line":61,"column":18}},"line":36},"1":{"name":"(anonymous_1)","decl":{"start":{"line":42,"column":20},"end":{"line":42,"column":21}},"loc":{"start":{"line":43,"column":10},"end":{"line":43,"column":68}},"line":43},"2":{"name":"(anonymous_2)","decl":{"start":{"line":52,"column":20},"end":{"line":52,"column":21}},"loc":{"start":{"line":53,"column":10},"end":{"line":57,"column":12}},"line":53},"3":{"name":"(anonymous_3)","decl":{"start":{"line":64,"column":13},"end":{"line":64,"column":14}},"loc":{"start":{"line":64,"column":19},"end":{"line":84,"column":1}},"line":64},"4":{"name":"(anonymous_4)","decl":{"start":{"line":66,"column":12},"end":{"line":66,"column":13}},"loc":{"start":{"line":66,"column":18},"end":{"line":68,"column":3}},"line":66}},"branchMap":{},"s":{"0":1,"1":1,"2":1,"3":1,"4":1,"5":2,"6":2,"7":1,"8":2,"9":1,"10":1,"11":1},"f":{"0":1,"1":2,"2":2,"3":2,"4":1},"b":{},"_coverageSchema":"1a1c01bbd47fc00a2c39e90264f33305004495a9","hash":"76cd4972c66c1633585101290eff07a6ecfacca6"}
,"D:\\02_programming\\villvay\\villvay-assessment\\src\\components\\CategorySelector.js": {"path":"D:\\02_programming\\villvay\\villvay-assessment\\src\\components\\CategorySelector.js","statementMap":{"0":{"start":{"line":8,"column":25},"end":{"line":44,"column":1}},"1":{"start":{"line":9,"column":2},"end":{"line":43,"column":4}},"2":{"start":{"line":20,"column":14},"end":{"line":27,"column":16}},"3":{"start":{"line":25,"column":18},"end":{"line":25,"column":38}},"4":{"start":{"line":35,"column":14},"end":{"line":35,"column":26}},"5":{"start":{"line":46,"column":15},"end":{"line":52,"column":2}},"6":{"start":{"line":54,"column":0},"end":{"line":57,"column":1}}},"fnMap":{"0":{"name":"(anonymous_0)","decl":{"start":{"line":8,"column":25},"end":{"line":8,"column":26}},"loc":{"start":{"line":8,"column":53},"end":{"line":44,"column":1}},"line":8},"1":{"name":"(anonymous_1)","decl":{"start":{"line":19,"column":31},"end":{"line":19,"column":32}},"loc":{"start":{"line":20,"column":14},"end":{"line":27,"column":16}},"line":20},"2":{"name":"(anonymous_2)","decl":{"start":{"line":24,"column":25},"end":{"line":24,"column":26}},"loc":{"start":{"line":24,"column":31},"end":{"line":26,"column":17}},"line":24},"3":{"name":"(anonymous_3)","decl":{"start":{"line":34,"column":21},"end":{"line":34,"column":22}},"loc":{"start":{"line":34,"column":27},"end":{"line":36,"column":13}},"line":34}},"branchMap":{},"s":{"0":1,"1":1,"2":8,"3":0,"4":0,"5":1,"6":1},"f":{"0":1,"1":8,"2":0,"3":0},"b":{},"_coverageSchema":"1a1c01bbd47fc00a2c39e90264f33305004495a9","hash":"21856578c9c84c901147f500a401fefba5f0702e"}
,"D:\\02_programming\\villvay\\villvay-assessment\\src\\components\\ClassifiedListItem.js": {"path":"D:\\02_programming\\villvay\\villvay-assessment\\src\\components\\ClassifiedListItem.js","statementMap":{"0":{"start":{"line":15,"column":27},"end":{"line":60,"column":1}},"1":{"start":{"line":18,"column":6},"end":{"line":18,"column":21}},"2":{"start":{"line":19,"column":21},"end":{"line":19,"column":36}},"3":{"start":{"line":20,"column":20},"end":{"line":20,"column":41}},"4":{"start":{"line":22,"column":31},"end":{"line":25,"column":44}},"5":{"start":{"line":23,"column":4},"end":{"line":25,"column":44}},"6":{"start":{"line":27,"column":24},"end":{"line":31,"column":3}},"7":{"start":{"line":28,"column":4},"end":{"line":30,"column":7}},"8":{"start":{"line":33,"column":28},"end":{"line":35,"column":3}},"9":{"start":{"line":34,"column":4},"end":{"line":34,"column":42}},"10":{"start":{"line":37,"column":2},"end":{"line":59,"column":4}},"11":{"start":{"line":62,"column":15},"end":{"line":97,"column":2}},"12":{"start":{"line":99,"column":0},"end":{"line":108,"column":2}}},"fnMap":{"0":{"name":"(anonymous_0)","decl":{"start":{"line":15,"column":27},"end":{"line":15,"column":28}},"loc":{"start":{"line":15,"column":47},"end":{"line":60,"column":1}},"line":15},"1":{"name":"(anonymous_1)","decl":{"start":{"line":22,"column":31},"end":{"line":22,"column":32}},"loc":{"start":{"line":23,"column":4},"end":{"line":25,"column":44}},"line":23},"2":{"name":"(anonymous_2)","decl":{"start":{"line":27,"column":24},"end":{"line":27,"column":25}},"loc":{"start":{"line":27,"column":30},"end":{"line":31,"column":3}},"line":27},"3":{"name":"(anonymous_3)","decl":{"start":{"line":33,"column":28},"end":{"line":33,"column":29}},"loc":{"start":{"line":33,"column":34},"end":{"line":35,"column":3}},"line":33}},"branchMap":{"0":{"loc":{"start":{"line":23,"column":4},"end":{"line":25,"column":44}},"type":"cond-expr","locations":[{"start":{"line":24,"column":8},"end":{"line":24,"column":42}},{"start":{"line":25,"column":8},"end":{"line":25,"column":44}}],"line":23}},"s":{"0":1,"1":0,"2":0,"3":0,"4":0,"5":0,"6":0,"7":0,"8":0,"9":0,"10":0,"11":1,"12":1},"f":{"0":0,"1":0,"2":0,"3":0},"b":{"0":[0,0]},"_coverageSchema":"1a1c01bbd47fc00a2c39e90264f33305004495a9","hash":"e435447d37c8c39cdd784a4263c7fed8a4cd36da"}
,"D:\\02_programming\\villvay\\villvay-assessment\\src\\components\\Container.js": {"path":"D:\\02_programming\\villvay\\villvay-assessment\\src\\components\\Container.js","statementMap":{"0":{"start":{"line":5,"column":18},"end":{"line":7,"column":1}},"1":{"start":{"line":6,"column":2},"end":{"line":6,"column":58}},"2":{"start":{"line":9,"column":15},"end":{"line":13,"column":2}},"3":{"start":{"line":15,"column":0},"end":{"line":17,"column":2}}},"fnMap":{"0":{"name":"(anonymous_0)","decl":{"start":{"line":5,"column":18},"end":{"line":5,"column":19}},"loc":{"start":{"line":5,"column":36},"end":{"line":7,"column":1}},"line":5}},"branchMap":{},"s":{"0":1,"1":1,"2":1,"3":1},"f":{"0":1},"b":{},"_coverageSchema":"1a1c01bbd47fc00a2c39e90264f33305004495a9","hash":"fe78684e162a2e194891dee6dc87e0a264873738"}
,"D:\\02_programming\\villvay\\villvay-assessment\\src\\constant\\index.js": {"path":"D:\\02_programming\\villvay\\villvay-assessment\\src\\constant\\index.js","statementMap":{"0":{"start":{"line":1,"column":29},"end":{"line":10,"column":1}}},"fnMap":{},"branchMap":{},"s":{"0":1},"f":{},"b":{},"_coverageSchema":"1a1c01bbd47fc00a2c39e90264f33305004495a9","hash":"6647897c0b301756d4015922e9ffd20be00cf7c2"}
,"D:\\02_programming\\villvay\\villvay-assessment\\src\\redux\\actions\\classifiedActions.js": {"path":"D:\\02_programming\\villvay\\villvay-assessment\\src\\redux\\actions\\classifiedActions.js","statementMap":{"0":{"start":{"line":3,"column":35},"end":{"line":3,"column":52}},"1":{"start":{"line":4,"column":36},"end":{"line":4,"column":54}},"2":{"start":{"line":5,"column":41},"end":{"line":5,"column":62}},"3":{"start":{"line":6,"column":38},"end":{"line":6,"column":56}},"4":{"start":{"line":8,"column":30},"end":{"line":60,"column":1}},"5":{"start":{"line":13,"column":5},"end":{"line":60,"column":1}},"6":{"start":{"line":14,"column":2},"end":{"line":14,"column":48}},"7":{"start":{"line":15,"column":2},"end":{"line":59,"column":3}},"8":{"start":{"line":16,"column":4},"end":{"line":53,"column":9}},"9":{"start":{"line":18,"column":32},"end":{"line":18,"column":65}},"10":{"start":{"line":19,"column":26},"end":{"line":19,"column":28}},"11":{"start":{"line":20,"column":8},"end":{"line":22,"column":9}},"12":{"start":{"line":21,"column":10},"end":{"line":21,"column":42}},"13":{"start":{"line":23,"column":8},"end":{"line":30,"column":11}},"14":{"start":{"line":31,"column":8},"end":{"line":46,"column":13}},"15":{"start":{"line":36,"column":12},"end":{"line":39,"column":15}},"16":{"start":{"line":42,"column":12},"end":{"line":45,"column":15}},"17":{"start":{"line":49,"column":8},"end":{"line":52,"column":11}},"18":{"start":{"line":55,"column":4},"end":{"line":58,"column":7}},"19":{"start":{"line":62,"column":36},"end":{"line":112,"column":1}},"20":{"start":{"line":64,"column":5},"end":{"line":112,"column":1}},"21":{"start":{"line":65,"column":2},"end":{"line":65,"column":48}},"22":{"start":{"line":66,"column":2},"end":{"line":111,"column":3}},"23":{"start":{"line":67,"column":4},"end":{"line":105,"column":9}},"24":{"start":{"line":69,"column":32},"end":{"line":69,"column":65}},"25":{"start":{"line":70,"column":26},"end":{"line":70,"column":28}},"26":{"start":{"line":71,"column":8},"end":{"line":73,"column":9}},"27":{"start":{"line":72,"column":10},"end":{"line":72,"column":42}},"28":{"start":{"line":75,"column":27},"end":{"line":78,"column":10}},"29":{"start":{"line":76,"column":10},"end":{"line":76,"column":27}},"30":{"start":{"line":77,"column":10},"end":{"line":77,"column":51}},"31":{"start":{"line":79,"column":8},"end":{"line":82,"column":9}},"32":{"start":{"line":80,"column":10},"end":{"line":80,"column":57}},"33":{"start":{"line":81,"column":10},"end":{"line":81,"column":45}},"34":{"start":{"line":83,"column":8},"end":{"line":98,"column":13}},"35":{"start":{"line":88,"column":12},"end":{"line":91,"column":15}},"36":{"start":{"line":94,"column":12},"end":{"line":97,"column":15}},"37":{"start":{"line":101,"column":8},"end":{"line":104,"column":11}},"38":{"start":{"line":107,"column":4},"end":{"line":110,"column":7}},"39":{"start":{"line":114,"column":42},"end":{"line":141,"column":1}},"40":{"start":{"line":114,"column":48},"end":{"line":141,"column":1}},"41":{"start":{"line":115,"column":2},"end":{"line":115,"column":48}},"42":{"start":{"line":116,"column":2},"end":{"line":140,"column":3}},"43":{"start":{"line":117,"column":4},"end":{"line":134,"column":9}},"44":{"start":{"line":119,"column":32},"end":{"line":119,"column":65}},"45":{"start":{"line":120,"column":26},"end":{"line":120,"column":28}},"46":{"start":{"line":121,"column":8},"end":{"line":123,"column":9}},"47":{"start":{"line":122,"column":10},"end":{"line":122,"column":42}},"48":{"start":{"line":124,"column":8},"end":{"line":127,"column":11}},"49":{"start":{"line":130,"column":8},"end":{"line":133,"column":11}},"50":{"start":{"line":136,"column":4},"end":{"line":139,"column":7}}},"fnMap":{"0":{"name":"(anonymous_0)","decl":{"start":{"line":8,"column":30},"end":{"line":8,"column":31}},"loc":{"start":{"line":13,"column":5},"end":{"line":60,"column":1}},"line":13},"1":{"name":"(anonymous_1)","decl":{"start":{"line":13,"column":5},"end":{"line":13,"column":6}},"loc":{"start":{"line":13,"column":25},"end":{"line":60,"column":1}},"line":13},"2":{"name":"(anonymous_2)","decl":{"start":{"line":17,"column":12},"end":{"line":17,"column":13}},"loc":{"start":{"line":17,"column":45},"end":{"line":47,"column":7}},"line":17},"3":{"name":"(anonymous_3)","decl":{"start":{"line":35,"column":16},"end":{"line":35,"column":17}},"loc":{"start":{"line":35,"column":22},"end":{"line":40,"column":11}},"line":35},"4":{"name":"(anonymous_4)","decl":{"start":{"line":41,"column":17},"end":{"line":41,"column":18}},"loc":{"start":{"line":41,"column":28},"end":{"line":46,"column":11}},"line":41},"5":{"name":"(anonymous_5)","decl":{"start":{"line":48,"column":13},"end":{"line":48,"column":14}},"loc":{"start":{"line":48,"column":24},"end":{"line":53,"column":7}},"line":48},"6":{"name":"(anonymous_6)","decl":{"start":{"line":62,"column":36},"end":{"line":62,"column":37}},"loc":{"start":{"line":64,"column":5},"end":{"line":112,"column":1}},"line":64},"7":{"name":"(anonymous_7)","decl":{"start":{"line":64,"column":5},"end":{"line":64,"column":6}},"loc":{"start":{"line":64,"column":25},"end":{"line":112,"column":1}},"line":64},"8":{"name":"(anonymous_8)","decl":{"start":{"line":68,"column":12},"end":{"line":68,"column":13}},"loc":{"start":{"line":68,"column":45},"end":{"line":99,"column":7}},"line":68},"9":{"name":"(anonymous_9)","decl":{"start":{"line":75,"column":44},"end":{"line":75,"column":45}},"loc":{"start":{"line":75,"column":66},"end":{"line":78,"column":9}},"line":75},"10":{"name":"(anonymous_10)","decl":{"start":{"line":87,"column":16},"end":{"line":87,"column":17}},"loc":{"start":{"line":87,"column":22},"end":{"line":92,"column":11}},"line":87},"11":{"name":"(anonymous_11)","decl":{"start":{"line":93,"column":17},"end":{"line":93,"column":18}},"loc":{"start":{"line":93,"column":28},"end":{"line":98,"column":11}},"line":93},"12":{"name":"(anonymous_12)","decl":{"start":{"line":100,"column":13},"end":{"line":100,"column":14}},"loc":{"start":{"line":100,"column":24},"end":{"line":105,"column":7}},"line":100},"13":{"name":"(anonymous_13)","decl":{"start":{"line":114,"column":42},"end":{"line":114,"column":43}},"loc":{"start":{"line":114,"column":48},"end":{"line":141,"column":1}},"line":114},"14":{"name":"(anonymous_14)","decl":{"start":{"line":114,"column":48},"end":{"line":114,"column":49}},"loc":{"start":{"line":114,"column":68},"end":{"line":141,"column":1}},"line":114},"15":{"name":"(anonymous_15)","decl":{"start":{"line":118,"column":12},"end":{"line":118,"column":13}},"loc":{"start":{"line":118,"column":45},"end":{"line":128,"column":7}},"line":118},"16":{"name":"(anonymous_16)","decl":{"start":{"line":129,"column":13},"end":{"line":129,"column":14}},"loc":{"start":{"line":129,"column":24},"end":{"line":134,"column":7}},"line":129}},"branchMap":{"0":{"loc":{"start":{"line":20,"column":8},"end":{"line":22,"column":9}},"type":"if","locations":[{"start":{"line":20,"column":8},"end":{"line":22,"column":9}},{"start":{"line":20,"column":8},"end":{"line":22,"column":9}}],"line":20},"1":{"loc":{"start":{"line":71,"column":8},"end":{"line":73,"column":9}},"type":"if","locations":[{"start":{"line":71,"column":8},"end":{"line":73,"column":9}},{"start":{"line":71,"column":8},"end":{"line":73,"column":9}}],"line":71},"2":{"loc":{"start":{"line":79,"column":8},"end":{"line":82,"column":9}},"type":"if","locations":[{"start":{"line":79,"column":8},"end":{"line":82,"column":9}},{"start":{"line":79,"column":8},"end":{"line":82,"column":9}}],"line":79},"3":{"loc":{"start":{"line":121,"column":8},"end":{"line":123,"column":9}},"type":"if","locations":[{"start":{"line":121,"column":8},"end":{"line":123,"column":9}},{"start":{"line":121,"column":8},"end":{"line":123,"column":9}}],"line":121}},"s":{"0":1,"1":1,"2":1,"3":1,"4":1,"5":0,"6":0,"7":0,"8":0,"9":0,"10":0,"11":0,"12":0,"13":0,"14":0,"15":0,"16":0,"17":0,"18":0,"19":1,"20":0,"21":0,"22":0,"23":0,"24":0,"25":0,"26":0,"27":0,"28":0,"29":0,"30":0,"31":0,"32":0,"33":0,"34":0,"35":0,"36":0,"37":0,"38":0,"39":1,"40":1,"41":1,"42":1,"43":1,"44":0,"45":0,"46":0,"47":0,"48":0,"49":0,"50":0},"f":{"0":0,"1":0,"2":0,"3":0,"4":0,"5":0,"6":0,"7":0,"8":0,"9":0,"10":0,"11":0,"12":0,"13":1,"14":1,"15":0,"16":0},"b":{"0":[0,0],"1":[0,0],"2":[0,0],"3":[0,0]},"_coverageSchema":"1a1c01bbd47fc00a2c39e90264f33305004495a9","hash":"9d971bb6a4fdcb279f47edb505b17fe48ca30705"}
,"D:\\02_programming\\villvay\\villvay-assessment\\src\\redux\\hooks\\useClassified.js": {"path":"D:\\02_programming\\villvay\\villvay-assessment\\src\\redux\\hooks\\useClassified.js","statementMap":{"0":{"start":{"line":9,"column":22},"end":{"line":67,"column":1}},"1":{"start":{"line":10,"column":19},"end":{"line":10,"column":32}},"2":{"start":{"line":12,"column":45},"end":{"line":14,"column":3}},"3":{"start":{"line":13,"column":15},"end":{"line":13,"column":31}},"4":{"start":{"line":21,"column":25},"end":{"line":28,"column":3}},"5":{"start":{"line":23,"column":6},"end":{"line":25,"column":8}},"6":{"start":{"line":35,"column":37},"end":{"line":42,"column":3}},"7":{"start":{"line":37,"column":6},"end":{"line":39,"column":8}},"8":{"start":{"line":49,"column":31},"end":{"line":56,"column":3}},"9":{"start":{"line":51,"column":6},"end":{"line":53,"column":8}},"10":{"start":{"line":59,"column":2},"end":{"line":66,"column":4}}},"fnMap":{"0":{"name":"(anonymous_0)","decl":{"start":{"line":9,"column":22},"end":{"line":9,"column":23}},"loc":{"start":{"line":9,"column":28},"end":{"line":67,"column":1}},"line":9},"1":{"name":"(anonymous_1)","decl":{"start":{"line":13,"column":4},"end":{"line":13,"column":5}},"loc":{"start":{"line":13,"column":15},"end":{"line":13,"column":31}},"line":13},"2":{"name":"(anonymous_2)","decl":{"start":{"line":22,"column":4},"end":{"line":22,"column":5}},"loc":{"start":{"line":22,"column":54},"end":{"line":26,"column":5}},"line":22},"3":{"name":"(anonymous_3)","decl":{"start":{"line":36,"column":4},"end":{"line":36,"column":5}},"loc":{"start":{"line":36,"column":16},"end":{"line":40,"column":5}},"line":36},"4":{"name":"(anonymous_4)","decl":{"start":{"line":50,"column":4},"end":{"line":50,"column":5}},"loc":{"start":{"line":50,"column":30},"end":{"line":54,"column":5}},"line":50}},"branchMap":{},"s":{"0":1,"1":3,"2":2,"3":8,"4":2,"5":0,"6":2,"7":1,"8":2,"9":0,"10":2},"f":{"0":3,"1":8,"2":0,"3":1,"4":0},"b":{},"_coverageSchema":"1a1c01bbd47fc00a2c39e90264f33305004495a9","hash":"e120f683c37e2e61b0b8a0b35dcf92eba2977c7e"}
,"D:\\02_programming\\villvay\\villvay-assessment\\src\\redux\\reducers\\classifiedReducer.js": {"path":"D:\\02_programming\\villvay\\villvay-assessment\\src\\redux\\reducers\\classifiedReducer.js","statementMap":{"0":{"start":{"line":8,"column":21},"end":{"line":12,"column":1}},"1":{"start":{"line":14,"column":20},"end":{"line":27,"column":1}},"2":{"start":{"line":15,"column":2},"end":{"line":26,"column":3}},"3":{"start":{"line":17,"column":6},"end":{"line":17,"column":67}},"4":{"start":{"line":19,"column":6},"end":{"line":19,"column":75}},"5":{"start":{"line":21,"column":6},"end":{"line":21,"column":44}},"6":{"start":{"line":23,"column":6},"end":{"line":23,"column":26}},"7":{"start":{"line":25,"column":6},"end":{"line":25,"column":19}}},"fnMap":{"0":{"name":"(anonymous_0)","decl":{"start":{"line":14,"column":20},"end":{"line":14,"column":21}},"loc":{"start":{"line":14,"column":54},"end":{"line":27,"column":1}},"line":14}},"branchMap":{"0":{"loc":{"start":{"line":14,"column":21},"end":{"line":14,"column":41}},"type":"default-arg","locations":[{"start":{"line":14,"column":29},"end":{"line":14,"column":41}}],"line":14},"1":{"loc":{"start":{"line":15,"column":2},"end":{"line":26,"column":3}},"type":"switch","locations":[{"start":{"line":16,"column":4},"end":{"line":17,"column":67}},{"start":{"line":18,"column":4},"end":{"line":19,"column":75}},{"start":{"line":20,"column":4},"end":{"line":21,"column":44}},{"start":{"line":22,"column":4},"end":{"line":23,"column":26}},{"start":{"line":24,"column":4},"end":{"line":25,"column":19}}],"line":15}},"s":{"0":1,"1":1,"2":5,"3":0,"4":0,"5":1,"6":0,"7":4},"f":{"0":5},"b":{"0":[4],"1":[0,0,1,0,4]},"_coverageSchema":"1a1c01bbd47fc00a2c39e90264f33305004495a9","hash":"8219ec487b0eb36fa91e1a1f121017fac9a5394c"}
,"D:\\02_programming\\villvay\\villvay-assessment\\src\\redux\\reducers\\index.js": {"path":"D:\\02_programming\\villvay\\villvay-assessment\\src\\redux\\reducers\\index.js","statementMap":{"0":{"start":{"line":4,"column":20},"end":{"line":6,"column":2}}},"fnMap":{},"branchMap":{},"s":{"0":1},"f":{},"b":{},"_coverageSchema":"1a1c01bbd47fc00a2c39e90264f33305004495a9","hash":"274dbbe86938ed42f9a2224f8c4f9698c20495e3"}
,"D:\\02_programming\\villvay\\villvay-assessment\\src\\screens\\BookmarksTabScreen.js": {"path":"D:\\02_programming\\villvay\\villvay-assessment\\src\\screens\\BookmarksTabScreen.js","statementMap":{"0":{"start":{"line":9,"column":27},"end":{"line":34,"column":1}},"1":{"start":{"line":10,"column":51},"end":{"line":10,"column":66}},"2":{"start":{"line":12,"column":38},"end":{"line":13,"column":64}},"3":{"start":{"line":13,"column":4},"end":{"line":13,"column":64}},"4":{"start":{"line":13,"column":42},"end":{"line":13,"column":63}},"5":{"start":{"line":15,"column":31},"end":{"line":17,"column":3}},"6":{"start":{"line":16,"column":4},"end":{"line":16,"column":52}},"7":{"start":{"line":19,"column":2},"end":{"line":33,"column":4}},"8":{"start":{"line":28,"column":38},"end":{"line":28,"column":68}},"9":{"start":{"line":36,"column":15},"end":{"line":40,"column":2}}},"fnMap":{"0":{"name":"(anonymous_0)","decl":{"start":{"line":9,"column":27},"end":{"line":9,"column":28}},"loc":{"start":{"line":9,"column":33},"end":{"line":34,"column":1}},"line":9},"1":{"name":"(anonymous_1)","decl":{"start":{"line":12,"column":38},"end":{"line":12,"column":39}},"loc":{"start":{"line":13,"column":4},"end":{"line":13,"column":64}},"line":13},"2":{"name":"(anonymous_2)","decl":{"start":{"line":13,"column":26},"end":{"line":13,"column":27}},"loc":{"start":{"line":13,"column":42},"end":{"line":13,"column":63}},"line":13},"3":{"name":"(anonymous_3)","decl":{"start":{"line":15,"column":31},"end":{"line":15,"column":32}},"loc":{"start":{"line":15,"column":45},"end":{"line":17,"column":3}},"line":15},"4":{"name":"(anonymous_4)","decl":{"start":{"line":28,"column":22},"end":{"line":28,"column":23}},"loc":{"start":{"line":28,"column":38},"end":{"line":28,"column":68}},"line":28}},"branchMap":{},"s":{"0":1,"1":0,"2":0,"3":0,"4":0,"5":0,"6":0,"7":0,"8":0,"9":1},"f":{"0":0,"1":0,"2":0,"3":0,"4":0},"b":{},"_coverageSchema":"1a1c01bbd47fc00a2c39e90264f33305004495a9","hash":"1ac73b0473184aaa4ed5e4307fbc3be478145034"}
,"D:\\02_programming\\villvay\\villvay-assessment\\src\\screens\\CategoryResultScreen.js": {"path":"D:\\02_programming\\villvay\\villvay-assessment\\src\\screens\\CategoryResultScreen.js","statementMap":{"0":{"start":{"line":12,"column":29},"end":{"line":49,"column":1}},"1":{"start":{"line":13,"column":23},"end":{"line":13,"column":35}},"2":{"start":{"line":14,"column":21},"end":{"line":14,"column":36}},"3":{"start":{"line":15,"column":51},"end":{"line":15,"column":66}},"4":{"start":{"line":18,"column":38},"end":{"line":19,"column":75}},"5":{"start":{"line":19,"column":4},"end":{"line":19,"column":75}},"6":{"start":{"line":19,"column":42},"end":{"line":19,"column":74}},"7":{"start":{"line":21,"column":31},"end":{"line":23,"column":3}},"8":{"start":{"line":22,"column":4},"end":{"line":22,"column":52}},"9":{"start":{"line":25,"column":2},"end":{"line":48,"column":4}},"10":{"start":{"line":29,"column":22},"end":{"line":29,"column":79}},"11":{"start":{"line":31,"column":12},"end":{"line":33,"column":13}},"12":{"start":{"line":32,"column":14},"end":{"line":32,"column":34}},"13":{"start":{"line":43,"column":38},"end":{"line":43,"column":68}},"14":{"start":{"line":51,"column":15},"end":{"line":55,"column":2}},"15":{"start":{"line":57,"column":0},"end":{"line":61,"column":1}}},"fnMap":{"0":{"name":"(anonymous_0)","decl":{"start":{"line":12,"column":29},"end":{"line":12,"column":30}},"loc":{"start":{"line":12,"column":44},"end":{"line":49,"column":1}},"line":12},"1":{"name":"(anonymous_1)","decl":{"start":{"line":18,"column":38},"end":{"line":18,"column":39}},"loc":{"start":{"line":19,"column":4},"end":{"line":19,"column":75}},"line":19},"2":{"name":"(anonymous_2)","decl":{"start":{"line":19,"column":26},"end":{"line":19,"column":27}},"loc":{"start":{"line":19,"column":42},"end":{"line":19,"column":74}},"line":19},"3":{"name":"(anonymous_3)","decl":{"start":{"line":21,"column":31},"end":{"line":21,"column":32}},"loc":{"start":{"line":21,"column":45},"end":{"line":23,"column":3}},"line":21},"4":{"name":"(anonymous_4)","decl":{"start":{"line":29,"column":16},"end":{"line":29,"column":17}},"loc":{"start":{"line":29,"column":22},"end":{"line":29,"column":79}},"line":29},"5":{"name":"(anonymous_5)","decl":{"start":{"line":30,"column":19},"end":{"line":30,"column":20}},"loc":{"start":{"line":30,"column":25},"end":{"line":34,"column":11}},"line":30},"6":{"name":"(anonymous_6)","decl":{"start":{"line":43,"column":22},"end":{"line":43,"column":23}},"loc":{"start":{"line":43,"column":38},"end":{"line":43,"column":68}},"line":43}},"branchMap":{"0":{"loc":{"start":{"line":31,"column":12},"end":{"line":33,"column":13}},"type":"if","locations":[{"start":{"line":31,"column":12},"end":{"line":33,"column":13}},{"start":{"line":31,"column":12},"end":{"line":33,"column":13}}],"line":31}},"s":{"0":1,"1":0,"2":0,"3":0,"4":0,"5":0,"6":0,"7":0,"8":0,"9":0,"10":0,"11":0,"12":0,"13":0,"14":1,"15":1},"f":{"0":0,"1":0,"2":0,"3":0,"4":0,"5":0,"6":0},"b":{"0":[0,0]},"_coverageSchema":"1a1c01bbd47fc00a2c39e90264f33305004495a9","hash":"ce1d959a45ba9f5780f0737fcaccb7d2c5423b83"}
,"D:\\02_programming\\villvay\\villvay-assessment\\src\\screens\\CreateItemScreen.js": {"path":"D:\\02_programming\\villvay\\villvay-assessment\\src\\screens\\CreateItemScreen.js","statementMap":{"0":{"start":{"line":20,"column":25},"end":{"line":291,"column":1}},"1":{"start":{"line":25,"column":6},"end":{"line":25,"column":21}},"2":{"start":{"line":26,"column":21},"end":{"line":26,"column":36}},"3":{"start":{"line":28,"column":20},"end":{"line":28,"column":41}},"4":{"start":{"line":31,"column":28},"end":{"line":31,"column":40}},"5":{"start":{"line":33,"column":42},"end":{"line":33,"column":57}},"6":{"start":{"line":35,"column":24},"end":{"line":45,"column":3}},"7":{"start":{"line":36,"column":4},"end":{"line":44,"column":5}},"8":{"start":{"line":37,"column":6},"end":{"line":37,"column":37}},"9":{"start":{"line":38,"column":11},"end":{"line":44,"column":5}},"10":{"start":{"line":39,"column":6},"end":{"line":39,"column":66}},"11":{"start":{"line":40,"column":11},"end":{"line":44,"column":5}},"12":{"start":{"line":41,"column":6},"end":{"line":41,"column":62}},"13":{"start":{"line":43,"column":6},"end":{"line":43,"column":19}},"14":{"start":{"line":48,"column":24},"end":{"line":50,"column":3}},"15":{"start":{"line":49,"column":4},"end":{"line":49,"column":43}},"16":{"start":{"line":53,"column":40},"end":{"line":53,"column":52}},"17":{"start":{"line":55,"column":54},"end":{"line":55,"column":69}},"18":{"start":{"line":57,"column":30},"end":{"line":67,"column":3}},"19":{"start":{"line":58,"column":4},"end":{"line":66,"column":5}},"20":{"start":{"line":59,"column":6},"end":{"line":59,"column":43}},"21":{"start":{"line":60,"column":11},"end":{"line":66,"column":5}},"22":{"start":{"line":61,"column":6},"end":{"line":61,"column":72}},"23":{"start":{"line":62,"column":11},"end":{"line":66,"column":5}},"24":{"start":{"line":63,"column":6},"end":{"line":63,"column":69}},"25":{"start":{"line":65,"column":6},"end":{"line":65,"column":19}},"26":{"start":{"line":70,"column":30},"end":{"line":72,"column":3}},"27":{"start":{"line":71,"column":4},"end":{"line":71,"column":55}},"28":{"start":{"line":75,"column":34},"end":{"line":75,"column":46}},"29":{"start":{"line":77,"column":48},"end":{"line":77,"column":63}},"30":{"start":{"line":80,"column":63},"end":{"line":80,"column":78}},"31":{"start":{"line":83,"column":31},"end":{"line":91,"column":3}},"32":{"start":{"line":85,"column":4},"end":{"line":85,"column":37}},"33":{"start":{"line":86,"column":4},"end":{"line":90,"column":5}},"34":{"start":{"line":89,"column":6},"end":{"line":89,"column":28}},"35":{"start":{"line":93,"column":27},"end":{"line":99,"column":3}},"36":{"start":{"line":94,"column":4},"end":{"line":98,"column":5}},"37":{"start":{"line":95,"column":6},"end":{"line":95,"column":41}},"38":{"start":{"line":97,"column":6},"end":{"line":97,"column":19}},"39":{"start":{"line":102,"column":27},"end":{"line":104,"column":3}},"40":{"start":{"line":103,"column":4},"end":{"line":103,"column":49}},"41":{"start":{"line":106,"column":26},"end":{"line":106,"column":72}},"42":{"start":{"line":109,"column":28},"end":{"line":109,"column":53}},"43":{"start":{"line":111,"column":42},"end":{"line":111,"column":57}},"44":{"start":{"line":114,"column":56},"end":{"line":114,"column":74}},"45":{"start":{"line":116,"column":38},"end":{"line":123,"column":3}},"46":{"start":{"line":118,"column":4},"end":{"line":118,"column":26}},"47":{"start":{"line":119,"column":23},"end":{"line":119,"column":76}},"48":{"start":{"line":121,"column":4},"end":{"line":121,"column":35}},"49":{"start":{"line":122,"column":4},"end":{"line":122,"column":18}},"50":{"start":{"line":125,"column":24},"end":{"line":133,"column":3}},"51":{"start":{"line":126,"column":4},"end":{"line":132,"column":5}},"52":{"start":{"line":127,"column":6},"end":{"line":127,"column":58}},"53":{"start":{"line":128,"column":11},"end":{"line":132,"column":5}},"54":{"start":{"line":129,"column":6},"end":{"line":129,"column":45}},"55":{"start":{"line":131,"column":6},"end":{"line":131,"column":19}},"56":{"start":{"line":136,"column":24},"end":{"line":138,"column":3}},"57":{"start":{"line":137,"column":4},"end":{"line":137,"column":43}},"58":{"start":{"line":142,"column":25},"end":{"line":145,"column":3}},"59":{"start":{"line":143,"column":4},"end":{"line":143,"column":26}},"60":{"start":{"line":144,"column":4},"end":{"line":144,"column":19}},"61":{"start":{"line":149,"column":31},"end":{"line":152,"column":3}},"62":{"start":{"line":150,"column":4},"end":{"line":150,"column":32}},"63":{"start":{"line":151,"column":4},"end":{"line":151,"column":25}},"64":{"start":{"line":156,"column":28},"end":{"line":159,"column":3}},"65":{"start":{"line":157,"column":4},"end":{"line":157,"column":36}},"66":{"start":{"line":158,"column":4},"end":{"line":158,"column":29}},"67":{"start":{"line":163,"column":24},"end":{"line":181,"column":3}},"68":{"start":{"line":165,"column":19},"end":{"line":165,"column":54}},"69":{"start":{"line":166,"column":4},"end":{"line":180,"column":5}},"70":{"start":{"line":169,"column":19},"end":{"line":174,"column":8}},"71":{"start":{"line":177,"column":6},"end":{"line":179,"column":7}},"72":{"start":{"line":178,"column":8},"end":{"line":178,"column":29}},"73":{"start":{"line":185,"column":24},"end":{"line":189,"column":3}},"74":{"start":{"line":186,"column":4},"end":{"line":188,"column":5}},"75":{"start":{"line":187,"column":6},"end":{"line":187,"column":26}},"76":{"start":{"line":193,"column":24},"end":{"line":213,"column":3}},"77":{"start":{"line":195,"column":4},"end":{"line":212,"column":5}},"78":{"start":{"line":205,"column":6},"end":{"line":205,"column":28}},"79":{"start":{"line":206,"column":6},"end":{"line":206,"column":31}},"80":{"start":{"line":207,"column":6},"end":{"line":207,"column":34}},"81":{"start":{"line":208,"column":6},"end":{"line":208,"column":28}},"82":{"start":{"line":210,"column":6},"end":{"line":210,"column":64}},"83":{"start":{"line":211,"column":6},"end":{"line":211,"column":26}},"84":{"start":{"line":215,"column":2},"end":{"line":290,"column":4}},"85":{"start":{"line":220,"column":22},"end":{"line":220,"column":79}},"86":{"start":{"line":226,"column":22},"end":{"line":226,"column":69}},"87":{"start":{"line":241,"column":36},"end":{"line":241,"column":56}},"88":{"start":{"line":252,"column":36},"end":{"line":252,"column":62}},"89":{"start":{"line":293,"column":15},"end":{"line":333,"column":2}}},"fnMap":{"0":{"name":"(anonymous_0)","decl":{"start":{"line":20,"column":25},"end":{"line":20,"column":26}},"loc":{"start":{"line":20,"column":31},"end":{"line":291,"column":1}},"line":20},"1":{"name":"(anonymous_1)","decl":{"start":{"line":35,"column":24},"end":{"line":35,"column":25}},"loc":{"start":{"line":35,"column":30},"end":{"line":45,"column":3}},"line":35},"2":{"name":"(anonymous_2)","decl":{"start":{"line":48,"column":24},"end":{"line":48,"column":25}},"loc":{"start":{"line":48,"column":30},"end":{"line":50,"column":3}},"line":48},"3":{"name":"(anonymous_3)","decl":{"start":{"line":57,"column":30},"end":{"line":57,"column":31}},"loc":{"start":{"line":57,"column":36},"end":{"line":67,"column":3}},"line":57},"4":{"name":"(anonymous_4)","decl":{"start":{"line":70,"column":30},"end":{"line":70,"column":31}},"loc":{"start":{"line":70,"column":36},"end":{"line":72,"column":3}},"line":70},"5":{"name":"(anonymous_5)","decl":{"start":{"line":83,"column":31},"end":{"line":83,"column":32}},"loc":{"start":{"line":83,"column":45},"end":{"line":91,"column":3}},"line":83},"6":{"name":"(anonymous_6)","decl":{"start":{"line":93,"column":27},"end":{"line":93,"column":28}},"loc":{"start":{"line":93,"column":33},"end":{"line":99,"column":3}},"line":93},"7":{"name":"(anonymous_7)","decl":{"start":{"line":102,"column":27},"end":{"line":102,"column":28}},"loc":{"start":{"line":102,"column":33},"end":{"line":104,"column":3}},"line":102},"8":{"name":"(anonymous_8)","decl":{"start":{"line":116,"column":38},"end":{"line":116,"column":39}},"loc":{"start":{"line":116,"column":50},"end":{"line":123,"column":3}},"line":116},"9":{"name":"(anonymous_9)","decl":{"start":{"line":125,"column":24},"end":{"line":125,"column":25}},"loc":{"start":{"line":125,"column":30},"end":{"line":133,"column":3}},"line":125},"10":{"name":"(anonymous_10)","decl":{"start":{"line":136,"column":24},"end":{"line":136,"column":25}},"loc":{"start":{"line":136,"column":30},"end":{"line":138,"column":3}},"line":136},"11":{"name":"(anonymous_11)","decl":{"start":{"line":142,"column":25},"end":{"line":142,"column":26}},"loc":{"start":{"line":142,"column":35},"end":{"line":145,"column":3}},"line":142},"12":{"name":"(anonymous_12)","decl":{"start":{"line":149,"column":31},"end":{"line":149,"column":32}},"loc":{"start":{"line":149,"column":41},"end":{"line":152,"column":3}},"line":149},"13":{"name":"(anonymous_13)","decl":{"start":{"line":156,"column":28},"end":{"line":156,"column":29}},"loc":{"start":{"line":156,"column":34},"end":{"line":159,"column":3}},"line":156},"14":{"name":"(anonymous_14)","decl":{"start":{"line":163,"column":24},"end":{"line":163,"column":25}},"loc":{"start":{"line":163,"column":36},"end":{"line":181,"column":3}},"line":163},"15":{"name":"(anonymous_15)","decl":{"start":{"line":185,"column":24},"end":{"line":185,"column":25}},"loc":{"start":{"line":185,"column":30},"end":{"line":189,"column":3}},"line":185},"16":{"name":"(anonymous_16)","decl":{"start":{"line":193,"column":24},"end":{"line":193,"column":25}},"loc":{"start":{"line":193,"column":36},"end":{"line":213,"column":3}},"line":193},"17":{"name":"(anonymous_17)","decl":{"start":{"line":220,"column":16},"end":{"line":220,"column":17}},"loc":{"start":{"line":220,"column":22},"end":{"line":220,"column":79}},"line":220},"18":{"name":"(anonymous_18)","decl":{"start":{"line":226,"column":16},"end":{"line":226,"column":17}},"loc":{"start":{"line":226,"column":22},"end":{"line":226,"column":69}},"line":226},"19":{"name":"(anonymous_19)","decl":{"start":{"line":241,"column":26},"end":{"line":241,"column":27}},"loc":{"start":{"line":241,"column":36},"end":{"line":241,"column":56}},"line":241},"20":{"name":"(anonymous_20)","decl":{"start":{"line":252,"column":26},"end":{"line":252,"column":27}},"loc":{"start":{"line":252,"column":36},"end":{"line":252,"column":62}},"line":252}},"branchMap":{"0":{"loc":{"start":{"line":36,"column":4},"end":{"line":44,"column":5}},"type":"if","locations":[{"start":{"line":36,"column":4},"end":{"line":44,"column":5}},{"start":{"line":36,"column":4},"end":{"line":44,"column":5}}],"line":36},"1":{"loc":{"start":{"line":38,"column":11},"end":{"line":44,"column":5}},"type":"if","locations":[{"start":{"line":38,"column":11},"end":{"line":44,"column":5}},{"start":{"line":38,"column":11},"end":{"line":44,"column":5}}],"line":38},"2":{"loc":{"start":{"line":40,"column":11},"end":{"line":44,"column":5}},"type":"if","locations":[{"start":{"line":40,"column":11},"end":{"line":44,"column":5}},{"start":{"line":40,"column":11},"end":{"line":44,"column":5}}],"line":40},"3":{"loc":{"start":{"line":49,"column":11},"end":{"line":49,"column":42}},"type":"binary-expr","locations":[{"start":{"line":49,"column":11},"end":{"line":49,"column":23}},{"start":{"line":49,"column":27},"end":{"line":49,"column":42}}],"line":49},"4":{"loc":{"start":{"line":58,"column":4},"end":{"line":66,"column":5}},"type":"if","locations":[{"start":{"line":58,"column":4},"end":{"line":66,"column":5}},{"start":{"line":58,"column":4},"end":{"line":66,"column":5}}],"line":58},"5":{"loc":{"start":{"line":60,"column":11},"end":{"line":66,"column":5}},"type":"if","locations":[{"start":{"line":60,"column":11},"end":{"line":66,"column":5}},{"start":{"line":60,"column":11},"end":{"line":66,"column":5}}],"line":60},"6":{"loc":{"start":{"line":62,"column":11},"end":{"line":66,"column":5}},"type":"if","locations":[{"start":{"line":62,"column":11},"end":{"line":66,"column":5}},{"start":{"line":62,"column":11},"end":{"line":66,"column":5}}],"line":62},"7":{"loc":{"start":{"line":71,"column":11},"end":{"line":71,"column":54}},"type":"binary-expr","locations":[{"start":{"line":71,"column":11},"end":{"line":71,"column":29}},{"start":{"line":71,"column":33},"end":{"line":71,"column":54}}],"line":71},"8":{"loc":{"start":{"line":86,"column":4},"end":{"line":90,"column":5}},"type":"if","locations":[{"start":{"line":86,"column":4},"end":{"line":90,"column":5}},{"start":{"line":86,"column":4},"end":{"line":90,"column":5}}],"line":86},"9":{"loc":{"start":{"line":94,"column":4},"end":{"line":98,"column":5}},"type":"if","locations":[{"start":{"line":94,"column":4},"end":{"line":98,"column":5}},{"start":{"line":94,"column":4},"end":{"line":98,"column":5}}],"line":94},"10":{"loc":{"start":{"line":103,"column":11},"end":{"line":103,"column":48}},"type":"binary-expr","locations":[{"start":{"line":103,"column":11},"end":{"line":103,"column":26}},{"start":{"line":103,"column":30},"end":{"line":103,"column":48}}],"line":103},"11":{"loc":{"start":{"line":126,"column":4},"end":{"line":132,"column":5}},"type":"if","locations":[{"start":{"line":126,"column":4},"end":{"line":132,"column":5}},{"start":{"line":126,"column":4},"end":{"line":132,"column":5}}],"line":126},"12":{"loc":{"start":{"line":128,"column":11},"end":{"line":132,"column":5}},"type":"if","locations":[{"start":{"line":128,"column":11},"end":{"line":132,"column":5}},{"start":{"line":128,"column":11},"end":{"line":132,"column":5}}],"line":128},"13":{"loc":{"start":{"line":128,"column":15},"end":{"line":128,"column":56}},"type":"binary-expr","locations":[{"start":{"line":128,"column":15},"end":{"line":128,"column":27}},{"start":{"line":128,"column":31},"end":{"line":128,"column":56}}],"line":128},"14":{"loc":{"start":{"line":137,"column":11},"end":{"line":137,"column":42}},"type":"binary-expr","locations":[{"start":{"line":137,"column":11},"end":{"line":137,"column":23}},{"start":{"line":137,"column":27},"end":{"line":137,"column":42}}],"line":137},"15":{"loc":{"start":{"line":166,"column":4},"end":{"line":180,"column":5}},"type":"if","locations":[{"start":{"line":166,"column":4},"end":{"line":180,"column":5}},{"start":{"line":166,"column":4},"end":{"line":180,"column":5}}],"line":166},"16":{"loc":{"start":{"line":177,"column":6},"end":{"line":179,"column":7}},"type":"if","locations":[{"start":{"line":177,"column":6},"end":{"line":179,"column":7}},{"start":{"line":177,"column":6},"end":{"line":179,"column":7}}],"line":177},"17":{"loc":{"start":{"line":186,"column":4},"end":{"line":188,"column":5}},"type":"if","locations":[{"start":{"line":186,"column":4},"end":{"line":188,"column":5}},{"start":{"line":186,"column":4},"end":{"line":188,"column":5}}],"line":186},"18":{"loc":{"start":{"line":195,"column":4},"end":{"line":212,"column":5}},"type":"if","locations":[{"start":{"line":195,"column":4},"end":{"line":212,"column":5}},{"start":{"line":195,"column":4},"end":{"line":212,"column":5}}],"line":195},"19":{"loc":{"start":{"line":196,"column":6},"end":{"line":199,"column":21}},"type":"binary-expr","locations":[{"start":{"line":196,"column":6},"end":{"line":196,"column":21}},{"start":{"line":197,"column":6},"end":{"line":197,"column":24}},{"start":{"line":198,"column":6},"end":{"line":198,"column":27}},{"start":{"line":199,"column":6},"end":{"line":199,"column":21}}],"line":196},"20":{"loc":{"start":{"line":266,"column":15},"end":{"line":266,"column":54}},"type":"cond-expr","locations":[{"start":{"line":266,"column":26},"end":{"line":266,"column":34}},{"start":{"line":266,"column":37},"end":{"line":266,"column":54}}],"line":266},"21":{"loc":{"start":{"line":285,"column":13},"end":{"line":285,"column":85}},"type":"cond-expr","locations":[{"start":{"line":285,"column":45},"end":{"line":285,"column":67}},{"start":{"line":285,"column":70},"end":{"line":285,"column":85}}],"line":285}},"s":{"0":1,"1":0,"2":0,"3":0,"4":0,"5":0,"6":0,"7":0,"8":0,"9":0,"10":0,"11":0,"12":0,"13":0,"14":0,"15":0,"16":0,"17":0,"18":0,"19":0,"20":0,"21":0,"22":0,"23":0,"24":0,"25":0,"26":0,"27":0,"28":0,"29":0,"30":0,"31":0,"32":0,"33":0,"34":0,"35":0,"36":0,"37":0,"38":0,"39":0,"40":0,"41":0,"42":0,"43":0,"44":0,"45":0,"46":0,"47":0,"48":0,"49":0,"50":0,"51":0,"52":0,"53":0,"54":0,"55":0,"56":0,"57":0,"58":0,"59":0,"60":0,"61":0,"62":0,"63":0,"64":0,"65":0,"66":0,"67":0,"68":0,"69":0,"70":0,"71":0,"72":0,"73":0,"74":0,"75":0,"76":0,"77":0,"78":0,"79":0,"80":0,"81":0,"82":0,"83":0,"84":0,"85":0,"86":0,"87":0,"88":0,"89":1},"f":{"0":0,"1":0,"2":0,"3":0,"4":0,"5":0,"6":0,"7":0,"8":0,"9":0,"10":0,"11":0,"12":0,"13":0,"14":0,"15":0,"16":0,"17":0,"18":0,"19":0,"20":0},"b":{"0":[0,0],"1":[0,0],"2":[0,0],"3":[0,0],"4":[0,0],"5":[0,0],"6":[0,0],"7":[0,0],"8":[0,0],"9":[0,0],"10":[0,0],"11":[0,0],"12":[0,0],"13":[0,0],"14":[0,0],"15":[0,0],"16":[0,0],"17":[0,0],"18":[0,0],"19":[0,0,0,0],"20":[0,0],"21":[0,0]},"_coverageSchema":"1a1c01bbd47fc00a2c39e90264f33305004495a9","hash":"7911bb0853d4b1ac261d20f7499afe21a1c6006d"}
,"D:\\02_programming\\villvay\\villvay-assessment\\src\\screens\\ExploreTabScreen.js": {"path":"D:\\02_programming\\villvay\\villvay-assessment\\src\\screens\\ExploreTabScreen.js","statementMap":{"0":{"start":{"line":12,"column":25},"end":{"line":60,"column":1}},"1":{"start":{"line":13,"column":51},"end":{"line":13,"column":66}},"2":{"start":{"line":15,"column":63},"end":{"line":15,"column":78}},"3":{"start":{"line":16,"column":31},"end":{"line":23,"column":3}},"4":{"start":{"line":17,"column":4},"end":{"line":17,"column":37}},"5":{"start":{"line":18,"column":4},"end":{"line":22,"column":5}},"6":{"start":{"line":19,"column":6},"end":{"line":21,"column":9}},"7":{"start":{"line":25,"column":31},"end":{"line":27,"column":3}},"8":{"start":{"line":26,"column":4},"end":{"line":26,"column":101}},"9":{"start":{"line":29,"column":2},"end":{"line":59,"column":4}},"10":{"start":{"line":34,"column":22},"end":{"line":34,"column":78}},"11":{"start":{"line":36,"column":12},"end":{"line":36,"column":52}},"12":{"start":{"line":42,"column":22},"end":{"line":42,"column":73}},"13":{"start":{"line":43,"column":25},"end":{"line":43,"column":56}},"14":{"start":{"line":50,"column":38},"end":{"line":50,"column":68}},"15":{"start":{"line":62,"column":15},"end":{"line":67,"column":2}},"16":{"start":{"line":69,"column":0},"end":{"line":73,"column":2}}},"fnMap":{"0":{"name":"(anonymous_0)","decl":{"start":{"line":12,"column":25},"end":{"line":12,"column":26}},"loc":{"start":{"line":12,"column":45},"end":{"line":60,"column":1}},"line":12},"1":{"name":"(anonymous_1)","decl":{"start":{"line":16,"column":31},"end":{"line":16,"column":32}},"loc":{"start":{"line":16,"column":45},"end":{"line":23,"column":3}},"line":16},"2":{"name":"(anonymous_2)","decl":{"start":{"line":25,"column":31},"end":{"line":25,"column":32}},"loc":{"start":{"line":25,"column":52},"end":{"line":27,"column":3}},"line":25},"3":{"name":"(anonymous_3)","decl":{"start":{"line":34,"column":16},"end":{"line":34,"column":17}},"loc":{"start":{"line":34,"column":22},"end":{"line":34,"column":78}},"line":34},"4":{"name":"(anonymous_4)","decl":{"start":{"line":35,"column":19},"end":{"line":35,"column":20}},"loc":{"start":{"line":35,"column":25},"end":{"line":37,"column":11}},"line":35},"5":{"name":"(anonymous_5)","decl":{"start":{"line":42,"column":16},"end":{"line":42,"column":17}},"loc":{"start":{"line":42,"column":22},"end":{"line":42,"column":73}},"line":42},"6":{"name":"(anonymous_6)","decl":{"start":{"line":43,"column":19},"end":{"line":43,"column":20}},"loc":{"start":{"line":43,"column":25},"end":{"line":43,"column":56}},"line":43},"7":{"name":"(anonymous_7)","decl":{"start":{"line":50,"column":22},"end":{"line":50,"column":23}},"loc":{"start":{"line":50,"column":38},"end":{"line":50,"column":68}},"line":50}},"branchMap":{"0":{"loc":{"start":{"line":18,"column":4},"end":{"line":22,"column":5}},"type":"if","locations":[{"start":{"line":18,"column":4},"end":{"line":22,"column":5}},{"start":{"line":18,"column":4},"end":{"line":22,"column":5}}],"line":18}},"s":{"0":1,"1":1,"2":1,"3":1,"4":0,"5":0,"6":0,"7":1,"8":0,"9":1,"10":1,"11":0,"12":1,"13":0,"14":0,"15":1,"16":1},"f":{"0":1,"1":0,"2":0,"3":1,"4":0,"5":1,"6":0,"7":0},"b":{"0":[0,0]},"_coverageSchema":"1a1c01bbd47fc00a2c39e90264f33305004495a9","hash":"9c6224fbbead09647979bd94c2771b6c30a1362d"}
,"D:\\02_programming\\villvay\\villvay-assessment\\src\\screens\\ItemDetailScreen.js": {"path":"D:\\02_programming\\villvay\\villvay-assessment\\src\\screens\\ItemDetailScreen.js","statementMap":{"0":{"start":{"line":17,"column":25},"end":{"line":85,"column":1}},"1":{"start":{"line":18,"column":57},"end":{"line":18,"column":72}},"2":{"start":{"line":19,"column":38},"end":{"line":19,"column":71}},"3":{"start":{"line":20,"column":20},"end":{"line":20,"column":41}},"4":{"start":{"line":22,"column":31},"end":{"line":25,"column":44}},"5":{"start":{"line":23,"column":4},"end":{"line":25,"column":44}},"6":{"start":{"line":27,"column":28},"end":{"line":33,"column":3}},"7":{"start":{"line":28,"column":4},"end":{"line":28,"column":42}},"8":{"start":{"line":29,"column":4},"end":{"line":32,"column":7}},"9":{"start":{"line":35,"column":2},"end":{"line":84,"column":4}},"10":{"start":{"line":40,"column":22},"end":{"line":40,"column":79}},"11":{"start":{"line":42,"column":12},"end":{"line":44,"column":13}},"12":{"start":{"line":43,"column":14},"end":{"line":43,"column":34}},"13":{"start":{"line":51,"column":12},"end":{"line":55,"column":14}},"14":{"start":{"line":87,"column":15},"end":{"line":109,"column":2}},"15":{"start":{"line":111,"column":0},"end":{"line":118,"column":2}}},"fnMap":{"0":{"name":"(anonymous_0)","decl":{"start":{"line":17,"column":25},"end":{"line":17,"column":26}},"loc":{"start":{"line":17,"column":52},"end":{"line":85,"column":1}},"line":17},"1":{"name":"(anonymous_1)","decl":{"start":{"line":22,"column":31},"end":{"line":22,"column":32}},"loc":{"start":{"line":23,"column":4},"end":{"line":25,"column":44}},"line":23},"2":{"name":"(anonymous_2)","decl":{"start":{"line":27,"column":28},"end":{"line":27,"column":29}},"loc":{"start":{"line":27,"column":34},"end":{"line":33,"column":3}},"line":27},"3":{"name":"(anonymous_3)","decl":{"start":{"line":40,"column":16},"end":{"line":40,"column":17}},"loc":{"start":{"line":40,"column":22},"end":{"line":40,"column":79}},"line":40},"4":{"name":"(anonymous_4)","decl":{"start":{"line":41,"column":19},"end":{"line":41,"column":20}},"loc":{"start":{"line":41,"column":25},"end":{"line":45,"column":11}},"line":41},"5":{"name":"(anonymous_5)","decl":{"start":{"line":50,"column":16},"end":{"line":50,"column":17}},"loc":{"start":{"line":51,"column":12},"end":{"line":55,"column":14}},"line":51}},"branchMap":{"0":{"loc":{"start":{"line":23,"column":4},"end":{"line":25,"column":44}},"type":"cond-expr","locations":[{"start":{"line":24,"column":8},"end":{"line":24,"column":42}},{"start":{"line":25,"column":8},"end":{"line":25,"column":44}}],"line":23},"1":{"loc":{"start":{"line":42,"column":12},"end":{"line":44,"column":13}},"type":"if","locations":[{"start":{"line":42,"column":12},"end":{"line":44,"column":13}},{"start":{"line":42,"column":12},"end":{"line":44,"column":13}}],"line":42}},"s":{"0":1,"1":0,"2":0,"3":0,"4":0,"5":0,"6":0,"7":0,"8":0,"9":0,"10":0,"11":0,"12":0,"13":0,"14":1,"15":1},"f":{"0":0,"1":0,"2":0,"3":0,"4":0,"5":0},"b":{"0":[0,0],"1":[0,0]},"_coverageSchema":"1a1c01bbd47fc00a2c39e90264f33305004495a9","hash":"51be88b0b2b5728fe3eaa894af3199307a3d292f"}
}
